0 info it worked if it ends with ok
1 verbose cli [ '/usr/bin/node', '/usr/bin/npm', 'run', 'dev' ]
2 info using npm@1.4.21
3 info using node@v8.11.1
4 verbose run-script [ 'predev', 'dev', 'postdev' ]
5 info predev websystem@1.0.0
6 info dev websystem@1.0.0
7 verbose unsafe-perm in lifecycle true
8 info websystem@1.0.0 Failed to exec dev script
9 error websystem@1.0.0 dev: `cross-env NODE_ENV=development webpack-dev-server --open --hot`
9 error Exit status 1
10 error Failed at the websystem@1.0.0 dev script.
10 error This is most likely a problem with the websystem package,
10 error not with npm itself.
10 error Tell the author that this fails on your system:
10 error     cross-env NODE_ENV=development webpack-dev-server --open --hot
10 error You can get their info via:
10 error     npm owner ls websystem
10 error There is likely additional logging output above.
11 error System Linux 4.14.79-v7+
12 error command "/usr/bin/node" "/usr/bin/npm" "run" "dev"
13 error cwd /home/pi/SmartDoor/Web/frontend
14 error node -v v8.11.1
15 error npm -v 1.4.21
16 error code ELIFECYCLE
17 verbose exit [ 1, true ]
